/bin/sh: 1: root: not found
Starting matches_updater_daily.py
-------------- Starting New Update On --------------
2025-07-03 16:00:02
Connecting to MongoDB: megagoal_db:27017
Username: root
Database: megagoal
Leagues to update: 0
/bin/sh: 1: root: not found
Starting matches_updater_daily.py
-------------- Starting New Update On --------------
2025-07-03 16:28:01
Connecting to MongoDB: megagoal_db:27017
Username: root
Database: megagoal
Leagues to update: 0
/bin/sh: 1: root: not found
Starting matches_updater_daily.py
-------------- Starting New Update On --------------
2025-07-03 16:56:01
Connecting to MongoDB: megagoal_db:27017
Username: root
Database: megagoal
Leagues to update: 0
/bin/sh: 1: root: not found
Starting matches_updater_daily.py
-------------- Starting New Update On --------------
2025-07-03 17:00:01
Connecting to MongoDB: megagoal_db:27017
Username: root
Database: megagoal
Leagues to update: 0
/bin/sh: 1: root: not found
Starting matches_updater_daily.py
-------------- Starting New Update On --------------
2025-07-03 17:28:01
Connecting to MongoDB: megagoal_db:27017
Username: root
Database: megagoal
Leagues to update: 0
/bin/sh: 1: root: not found
Starting matches_updater_daily.py
-------------- Starting New Update On --------------
2025-07-03 17:56:01
Connecting to MongoDB: megagoal_db:27017
Username: root
Database: megagoal
Leagues to update: 0
Starting matches_updater_daily.py
-------------- Starting New Update On --------------
2025-07-03 18:00:01
Connecting to MongoDB: megagoal_db:27017
Username: root
Database: megagoal
Leagues to update: 0
